<?xml version="1.0" encoding="UTF-8"?>
<testsuite name="pvt.code.practice.ProblemSolverApplicationTests" tests="1" skipped="0" failures="0" errors="0" timestamp="2026-01-24T12:25:41" hostname="Souravs-Laptop-1094.local" time="0.406">
  <properties/>
  <testcase name="contextLoads()" classname="pvt.code.practice.ProblemSolverApplicationTests" time="0.406"/>
  <system-out><![CDATA[17:55:40.961 [Test worker] INFO org.springframework.test.context.support.AnnotationConfigContextLoaderUtils -- Could not detect default configuration classes for test class [pvt.code.practice.ProblemSolverApplicationTests]: ProblemSolverApplicationTests does not declare any static, non-private, non-final, nested classes annotated with @Configuration.
17:55:40.993 [Test worker] INFO org.springframework.boot.test.context.SpringBootTestContextBootstrapper -- Found @SpringBootConfiguration pvt.code.practice.ProblemSolverApplication for test class pvt.code.practice.ProblemSolverApplicationTests

  .   ____          _            __ _ _
 /\\ / ___'_ __ _ _(_)_ __  __ _ \ \ \ \
( ( )\___ | '_ | '_| | '_ \/ _` | \ \ \ \
 \\/  ___)| |_)| | | | | || (_| |  ) ) ) )
  '  |____| .__|_| |_|_| |_\__, | / / / /
 =========|_|==============|___/=/_/_/_/
 :: Spring Boot ::                (v3.2.4)

2026-01-24T17:55:41.110+05:30  INFO 57692 --- [ProblemSolver] [    Test worker] p.c.p.ProblemSolverApplicationTests      : Starting ProblemSolverApplicationTests using Java 17.0.17 with PID 57692 (started by sahasavy in /Users/sahasavy/Sourav/Projects/IntelliJ/ProblemSolver)
2026-01-24T17:55:41.111+05:30  INFO 57692 --- [ProblemSolver] [    Test worker] p.c.p.ProblemSolverApplicationTests      : No active profile set, falling back to 1 default profile: "default"
2026-01-24T17:55:41.359+05:30  INFO 57692 --- [ProblemSolver] [    Test worker] p.c.p.ProblemSolverApplicationTests      : Started ProblemSolverApplicationTests in 0.321 seconds (process running for 0.691)
]]></system-out>
  <system-err><![CDATA[]]></system-err>
</testsuite>
